[36mvite v6.4.3 [32mbuilding for production...[36m[39m
transforming...
[32m✓[39m 1759 modules transformed.
rendering chunks...
computing gzip size...
[2mdist/[22m[32mindex.html                         [39m[1m[2m    0.48 kB[22m[1m[22m[2m │ gzip:   0.34 kB[22m
[2mdist/[22m[35massets/SiteDetail-C87acSFU.css     [39m[1m[2m    0.05 kB[22m[1m[22m[2m │ gzip:   0.07 kB[22m
[2mdist/[22m[35massets/Settings-CIs_MI0e.css       [39m[1m[2m    0.05 kB[22m[1m[22m[2m │ gzip:   0.07 kB[22m
[2mdist/[22m[35massets/SiteList-D3ys-1QR.css       [39m[1m[2m    0.06 kB[22m[1m[22m[2m │ gzip:   0.08 kB[22m
[2mdist/[22m[35massets/UserList-DXB8VvK5.css       [39m[1m[2m    0.16 kB[22m[1m[22m[2m │ gzip:   0.14 kB[22m
[2mdist/[22m[35massets/PageList-B8vXmCsl.css       [39m[1m[2m    0.18 kB[22m[1m[22m[2m │ gzip:   0.15 kB[22m
[2mdist/[22m[35massets/Dashboard-MTuS9HAF.css      [39m[1m[2m    0.27 kB[22m[1m[22m[2m │ gzip:   0.17 kB[22m
[2mdist/[22m[35massets/LeadDetail-sSiTdxNh.css     [39m[1m[2m    0.48 kB[22m[1m[22m[2m │ gzip:   0.23 kB[22m
[2mdist/[22m[35massets/LeadList-LKica4af.css       [39m[1m[2m    0.52 kB[22m[1m[22m[2m │ gzip:   0.26 kB[22m
[2mdist/[22m[35massets/Login-C2pFe2Qz.css          [39m[1m[2m    0.61 kB[22m[1m[22m[2m │ gzip:   0.32 kB[22m
[2mdist/[22m[35massets/DefaultLayout-CcYKn8eQ.css  [39m[1m[2m    1.20 kB[22m[1m[22m[2m │ gzip:   0.44 kB[22m
[2mdist/[22m[35massets/PageEditor-Cc4_x8kB.css     [39m[1m[2m   29.77 kB[22m[1m[22m[2m │ gzip:   3.66 kB[22m
[2mdist/[22m[35massets/index-DOwz4-3S.css          [39m[1m[2m  352.64 kB[22m[1m[22m[2m │ gzip:  47.31 kB[22m
[2mdist/[22m[36massets/user-3L1ZX-vj.js            [39m[1m[2m    0.28 kB[22m[1m[22m[2m │ gzip:   0.18 kB[22m
[2mdist/[22m[36massets/site-B8qI1PDq.js            [39m[1m[2m    0.29 kB[22m[1m[22m[2m │ gzip:   0.17 kB[22m
[2mdist/[22m[36massets/datetime-PJC1qtAZ.js        [39m[1m[2m    0.39 kB[22m[1m[22m[2m │ gzip:   0.23 kB[22m
[2mdist/[22m[36massets/page-BS0HdfS8.js            [39m[1m[2m    0.42 kB[22m[1m[22m[2m │ gzip:   0.21 kB[22m
[2mdist/[22m[36massets/lead-B0Cci5Um.js            [39m[1m[2m    0.74 kB[22m[1m[22m[2m │ gzip:   0.43 kB[22m
[2mdist/[22m[36massets/SiteDetail-CHKezLbs.js      [39m[1m[2m    1.34 kB[22m[1m[22m[2m │ gzip:   0.77 kB[22m
[2mdist/[22m[36massets/Login-BK1VvrCy.js           [39m[1m[2m    1.56 kB[22m[1m[22m[2m │ gzip:   0.83 kB[22m
[2mdist/[22m[36massets/Dashboard-2-idmMIi.js       [39m[1m[2m    1.82 kB[22m[1m[22m[2m │ gzip:   0.80 kB[22m
[2mdist/[22m[36massets/Settings-ChyX2TIj.js        [39m[1m[2m    2.53 kB[22m[1m[22m[2m │ gzip:   1.05 kB[22m
[2mdist/[22m[36massets/DefaultLayout-BotLLzr2.js   [39m[1m[2m    2.62 kB[22m[1m[22m[2m │ gzip:   1.24 kB[22m
[2mdist/[22m[36massets/PageList-DZf7rTlb.js        [39m[1m[2m    2.81 kB[22m[1m[22m[2m │ gzip:   1.47 kB[22m
[2mdist/[22m[36massets/SiteList-CMPC5egg.js        [39m[1m[2m    3.57 kB[22m[1m[22m[2m │ gzip:   1.45 kB[22m
[2mdist/[22m[36massets/LeadDetail-DGaA_2_P.js      [39m[1m[2m    4.13 kB[22m[1m[22m[2m │ gzip:   1.87 kB[22m
[2mdist/[22m[36massets/UserList-Bc2lGmLF.js        [39m[1m[2m    5.31 kB[22m[1m[22m[2m │ gzip:   2.12 kB[22m
[2mdist/[22m[36massets/LeadList-DTBksbh5.js        [39m[1m[2m    5.52 kB[22m[1m[22m[2m │ gzip:   2.56 kB[22m
[2mdist/[22m[36massets/PageEditor-i93kn8Vj.js      [39m[1m[2m  120.83 kB[22m[1m[22m[2m │ gzip:  37.71 kB[22m
[2mdist/[22m[36massets/index-CVJxYEbO.js           [39m[1m[33m1,057.95 kB[39m[22m[2m │ gzip: 351.74 kB[22m
[33m
(!) Some chunks are larger than 500 kB after minification. Consider:
- Using dynamic import() to code-split the application
- Use build.rollupOptions.output.manualChunks to improve chunking: https://rollupjs.org/configuration-options/#output-manualchunks
- Adjust chunk size limit for this warning via build.chunkSizeWarningLimit.[39m
[32m✓ built in 3.55s[39m
