
[1m[7m[36m RUN [39m[27m[22m [36mv2.1.9 [39m[90mD:/codes/luban-workspace/packages/engine/luban[39m

 [32m✓[39m src/views/page/__tests__/moveNodeAcross.spec.ts [2m([22m[2m9 tests[22m[2m)[22m[90m 5[2mms[22m[39m
 [32m✓[39m src/utils/publicPage.spec.ts [2m([22m[2m4 tests[22m[2m)[22m[90m 3[2mms[22m[39m
 [32m✓[39m src/views/page/components/__tests__/schemaTree.spec.ts [2m([22m[2m26 tests[22m[2m)[22m[90m 7[2mms[22m[39m
 [32m✓[39m src/api/request.spec.ts [2m([22m[2m3 tests[22m[2m)[22m[90m 2[2mms[22m[39m
 [32m✓[39m src/composables/useHistory.spec.ts [2m([22m[2m8 tests[22m[2m)[22m[90m 5[2mms[22m[39m
 [32m✓[39m src/composables/useKeyboard.spec.ts [2m([22m[2m6 tests[22m[2m)[22m[90m 4[2mms[22m[39m
 [32m✓[39m src/composables/useFeatureGate.spec.ts [2m([22m[2m4 tests[22m[2m)[22m[90m 2[2mms[22m[39m
 [32m✓[39m src/stores/user.spec.ts [2m([22m[2m3 tests[22m[2m)[22m[90m 5[2mms[22m[39m
 [32m✓[39m src/__tests__/router.spec.ts [2m([22m[2m3 tests[22m[2m)[22m[90m 2[2mms[22m[39m
DEPRECATION WARNING [legacy-js-api]: The legacy JS API is deprecated and will be removed in Dart Sass 2.0.0.

More info: https://sass-lang.com/d/legacy-js-api

DEPRECATION WARNING [legacy-js-api]: The legacy JS API is deprecated and will be removed in Dart Sass 2.0.0.

More info: https://sass-lang.com/d/legacy-js-api

DEPRECATION WARNING [legacy-js-api]: The legacy JS API is deprecated and will be removed in Dart Sass 2.0.0.

More info: https://sass-lang.com/d/legacy-js-api

 [32m✓[39m src/views/page/__tests__/PageEditor.spec.ts [2m([22m[2m7 tests[22m[2m)[22m[90m 201[2mms[22m[39m

[2m Test Files [22m [1m[32m10 passed[39m[22m[90m (10)[39m
[2m      Tests [22m [1m[32m73 passed[39m[22m[90m (73)[39m
[2m   Start at [22m 12:42:47
[2m   Duration [22m 2.40s[2m (transform 708ms, setup 0ms, collect 2.22s, tests 237ms, environment 6.47s, prepare 1.15s)[22m

